-------------------------------------------------------------------------------
Test set: runner.CucumberRunner
-------------------------------------------------------------------------------
Tests run: 3, Failures: 1, Errors: 0, Skipped: 0, Time elapsed: 23.919 s <<< FAILURE! - in runner.CucumberRunner
obtener una mascota por su id(Quiero validar petsStore api)  Time elapsed: 3.198 s  <<< FAILURE!
java.lang.AssertionError: 
1 expectation failed.
Expected status code <200> but was <404>.


