<?xml version="1.0" encoding="UTF-8"?>
<testsuite xmlns:xsi="http://www.w3.org/2001/XMLSchema-instance" xsi:noNamespaceSchemaLocation="https://maven.apache.org/surefire/maven-surefire-plugin/xsd/surefire-test-report.xsd" name="runner.CucumberRunner" time="23.919" tests="3" errors="0" skipped="0" failures="1">
  <properties>
[...]
</properties>
  <testcase name="obtener una mascota por su id" classname="Quiero validar petsStore api" time="3.198">
    <failure message="1 expectation failed.&#10;Expected status code &lt;200&gt; but was &lt;404&gt;.&#10;" type="java.lang.AssertionError"><![CDATA[java.lang.AssertionError: 
1 expectation failed.
Expected status code <200> but was <404>.

]]></failure>
  </testcase>
  <testcase name="crear una nueva mascota" classname="Quiero validar petsStore api" time="3.307"/>
  <testcase name="Reservar destino y realizar checkout" classname="Reserva para un Viaje Espacial" time="17.017"/>
</testsuite>